
-------- SESSION 2019-06-08T22:53:00.342Z (9.0.6+201807162014, linux, x64, 33469898752, XMind Ltd., vana_linux_64) --------
[E 2019-06-08T22:53:00.764Z UsageTracker] Unsupported platform
[I 2019-06-08T22:53:00.853Z root] Application will finish launching.
[E 2019-06-08T22:53:01.018Z root] error occurs in get system information { Error: Command failed: dmidecode -t system
/bin/sh: dmidecode: nie znaleziono polecenia

    at ChildProcess.exithandler (child_process.js:217:12)
    at emitTwo (events.js:106:13)
    at ChildProcess.emit (events.js:194:7)
    at maybeClose (internal/child_process.js:899:16)
    at Socket.<anonymous> (internal/child_process.js:342:11)
    at emitOne (events.js:96:13)
    at Socket.emit (events.js:191:7)
    at Pipe._handle.close [as _onclose] (net.js:510:12)
  killed: false,
  code: 127,
  signal: null,
  cmd: 'dmidecode -t system' }
[I 2019-06-08T22:53:01.023Z main] machineUUID is : 157a312e-20b0-444f-8f3a-546673db4aa9
[I 2019-06-08T22:53:01.024Z activate] Check local license in server
[I 2019-06-08T22:53:15.384Z root] [Single Instance] [ 'XMind' ] /home/khazakar/Pobrane
[I 2019-06-08T22:53:32.819Z root] state: before-quit
[I 2019-06-08T22:53:32.881Z root] state: will-quit
[I 2019-06-08T22:53:32.883Z root] state: quit

-------- SESSION 2019-06-08T22:53:35.557Z (9.0.6+201807162014, linux, x64, 33469898752, XMind Ltd., vana_linux_64) --------
[E 2019-06-08T22:53:35.964Z UsageTracker] Unsupported platform
[I 2019-06-08T22:53:36.045Z root] Application will finish launching.
[E 2019-06-08T22:53:36.199Z root] error occurs in get system information { Error: Command failed: dmidecode -t system
/bin/sh: dmidecode: nie znaleziono polecenia

    at ChildProcess.exithandler (child_process.js:217:12)
    at emitTwo (events.js:106:13)
    at ChildProcess.emit (events.js:194:7)
    at maybeClose (internal/child_process.js:899:16)
    at Socket.<anonymous> (internal/child_process.js:342:11)
    at emitOne (events.js:96:13)
    at Socket.emit (events.js:191:7)
    at Pipe._handle.close [as _onclose] (net.js:510:12)
  killed: false,
  code: 127,
  signal: null,
  cmd: 'dmidecode -t system' }
[I 2019-06-08T22:53:36.204Z main] machineUUID is : 157a312e-20b0-444f-8f3a-546673db4aa9
[I 2019-06-08T22:53:36.205Z activate] Check local license in server
[I 2019-06-08T22:54:41.243Z root] state: before-quit
[I 2019-06-08T22:54:41.273Z root] state: will-quit
[I 2019-06-08T22:54:41.274Z root] state: quit
